This is pdfTeX, Version 3.1415926-2.4-1.40.13 (Web2C 2012) (format=pdflatex 2013.2.21)  3 JUN 2013 21:02
entering extended mode
 restricted \write18 enabled.
 %&-line parsing enabled.
**proj_report_outline.tex
(./proj_report_outline.tex
LaTeX2e <2011/06/27>
Babel <v3.8l> and hyphenation patterns for english, dumylang, nohyphenation, uk
rainian, turkish, swedish, spanish, slovenian, slovak, serbian, russian, romani
an, portuguese, polish, bokmal, nynorsk, latin, italian, irish, indonesian, ice
landic, hungarian, monogreek, greek, german, ngerman, french, finnish, estonian
, esperanto, dutch, danish, czech, croatian, catalan, bulgarian, basque, loaded
.
(/usr/pkg/share/texmf-dist/tex/latex/base/report.cls
Document Class: report 2007/10/19 v1.4h Standard LaTeX document class
(/usr/pkg/share/texmf-dist/tex/latex/base/size11.clo
File: size11.clo 2007/10/19 v1.4h Standard LaTeX file (size option)
)
\c@part=\count79
\c@chapter=\count80
\c@section=\count81
\c@subsection=\count82
\c@subsubsection=\count83
\c@paragraph=\count84
\c@subparagraph=\count85
\c@figure=\count86
\c@table=\count87
\abovecaptionskip=\skip41
\belowcaptionskip=\skip42
\bibindent=\dimen102
)
(/usr/pkg/share/texmf-dist/tex/latex/float/float.sty
Package: float 2001/11/08 v1.3d Float enhancements (AL)
\c@float@type=\count88
\float@exts=\toks14
\float@box=\box26
\@float@everytoks=\toks15
\@floatcapt=\box27
)
(/usr/pkg/share/texmf-dist/tex/latex/url/url.sty
\Urlmuskip=\muskip10
Package: url 2006/04/12  ver 3.3  Verb mode for urls, etc.
)
\@float@every@fig=\toks16
\c@fig=\count89

(/vol/tex-local/tex/latex/local/vuwproject.sty
(/usr/pkg/share/texmf-dist/tex/latex/psnfss/mathpazo.sty
Package: mathpazo 2005/04/12 PSNFSS-v9.2a Palatino w/ Pazo Math (D.Puga, WaS) 
\symupright=\mathgroup4
)
VUW Honours reports modifications -- Mar 1995
Modified to handle different degrees 2003
Modified to handle duplex printing properly 2006
\@abstract=\box28
) (./proj_report_outline.aux (./acknowledge.aux))
\openout1 = `proj_report_outline.aux'.

LaTeX Font Info:    Checking defaults for OML/cmm/m/it on input line 56.
LaTeX Font Info:    ... okay on input line 56.
LaTeX Font Info:    Checking defaults for T1/cmr/m/n on input line 56.
LaTeX Font Info:    ... okay on input line 56.
LaTeX Font Info:    Checking defaults for OT1/cmr/m/n on input line 56.
LaTeX Font Info:    ... okay on input line 56.
LaTeX Font Info:    Checking defaults for OMS/cmsy/m/n on input line 56.
LaTeX Font Info:    ... okay on input line 56.
LaTeX Font Info:    Checking defaults for OMX/cmex/m/n on input line 56.
LaTeX Font Info:    ... okay on input line 56.
LaTeX Font Info:    Checking defaults for U/cmr/m/n on input line 56.
LaTeX Font Info:    ... okay on input line 56.
LaTeX Font Info:    Try loading font information for OT1+ppl on input line 56.

(/usr/pkg/share/texmf-dist/tex/latex/psnfss/ot1ppl.fd
File: ot1ppl.fd 2001/06/04 font definitions for OT1/ppl.
)
\big@size=\dimen103
LaTeX Font Info:    Try loading font information for OML+zplm on input line 73.


(/usr/pkg/share/texmf-dist/tex/latex/psnfss/omlzplm.fd
File: omlzplm.fd 2002/09/08 Fontinst v1.914 font definitions for OML/zplm.
)
LaTeX Font Info:    Try loading font information for OMS+zplm on input line 73.


(/usr/pkg/share/texmf-dist/tex/latex/psnfss/omszplm.fd
File: omszplm.fd 2002/09/08 Fontinst v1.914 font definitions for OMS/zplm.
)
LaTeX Font Info:    Try loading font information for OMX+zplm on input line 73.


(/usr/pkg/share/texmf-dist/tex/latex/psnfss/omxzplm.fd
File: omxzplm.fd 2002/09/08 Fontinst v1.914 font definitions for OMX/zplm.
)
LaTeX Font Info:    Try loading font information for OT1+zplm on input line 73.


(/usr/pkg/share/texmf-dist/tex/latex/psnfss/ot1zplm.fd
File: ot1zplm.fd 2002/09/08 Fontinst v1.914 font definitions for OT1/zplm.
)
LaTeX Font Info:    Font shape `OT1/ppl/bx/n' in size <17.28> not available
(Font)              Font shape `OT1/ppl/b/n' tried instead on input line 73.
LaTeX Font Info:    Font shape `OT1/ppl/bx/n' in size <10.95> not available
(Font)              Font shape `OT1/ppl/b/n' tried instead on input line 73.
 [-1

{/var/lib/texmf/fonts/map/pdftex/updmap/pdftex.map}] [0]
\openout2 = `acknowledge.aux'.


No file acknowledge.tex.
LaTeX Font Info:    Font shape `OT1/ppl/bx/n' in size <24.88> not available
(Font)              Font shape `OT1/ppl/b/n' tried instead on input line 77.
(./proj_report_outline.toc)
\tf@toc=\write3
\openout3 = `proj_report_outline.toc'.

 [1




] [2

] (./proj_report_outline.lof)
\tf@lof=\write4
\openout4 = `proj_report_outline.lof'.

 [3] [4

]
Chapter 1.
LaTeX Font Info:    Font shape `OT1/ppl/bx/n' in size <20.74> not available
(Font)              Font shape `OT1/ppl/b/n' tried instead on input line 89.

LaTeX Warning: Citation `dataset' on page 1 undefined on input line 90.

[1

] [2

]
Chapter 2.
[3] [4

]
Chapter 3.
LaTeX Font Info:    Font shape `OT1/ppl/bx/n' in size <14.4> not available
(Font)              Font shape `OT1/ppl/b/n' tried instead on input line 97.

Overfull \hbox (215.63469pt too wide) in paragraph at lines 98--101
\OT1/ppl/m/n/10.95 ing warmest, and blue in-di-cat-ing cold-est can-di-dates. (
http://kepler.nasa.gov/multimedia/animations/scienceconcepts/?ImageID=229) 
 []


Underfull \hbox (badness 10000) in paragraph at lines 98--101

 []


Overfull \hbox (151.2166pt too wide) in paragraph at lines 103--108
\OT1/ppl/m/n/10.95 blue, 5-planet (8) dark blue, 6-planet (1, Kepler-11) pur-pl
e. http://kepler.nasa.gov/multimedia/animations/?ImageID=219 
 []


Underfull \hbox (badness 10000) in paragraph at lines 103--108

 []


Underfull \hbox (badness 10000) in paragraph at lines 103--108

 []


Underfull \hbox (badness 10000) in paragraph at lines 109--114

 []


Underfull \hbox (badness 10000) in paragraph at lines 109--114

 []

[5]
Overfull \hbox (12.38315pt too wide) in paragraph at lines 115--118
\OT1/ppl/m/n/10.95 the-ga.html http://kepler.nasa.gov/multimedia/animations/sci
enceconcepts/?ImageID=135 
 []


Underfull \hbox (badness 10000) in paragraph at lines 119--125

 []


Underfull \hbox (badness 10000) in paragraph at lines 119--125

 []

[6]
Chapter 4.

Underfull \hbox (badness 10000) in paragraph at lines 127--136

 []


Underfull \hbox (badness 10000) in paragraph at lines 127--136

 []


Underfull \hbox (badness 10000) in paragraph at lines 127--136

 []


Underfull \hbox (badness 10000) in paragraph at lines 127--136

 []

LaTeX Font Info:    Font shape `OT1/ppl/bx/n' in size <12> not available
(Font)              Font shape `OT1/ppl/b/n' tried instead on input line 137.

Underfull \hbox (badness 10000) in paragraph at lines 138--143

 []


Underfull \hbox (badness 10000) in paragraph at lines 138--143

 []


Underfull \hbox (badness 10000) in paragraph at lines 144--151

 []


Underfull \hbox (badness 10000) in paragraph at lines 144--151

 []


Underfull \hbox (badness 10000) in paragraph at lines 144--151

 []


Underfull \vbox (badness 4454) has occurred while \output is active []

 [7

]
Underfull \hbox (badness 10000) in paragraph at lines 152--156

 []


Underfull \hbox (badness 10000) in paragraph at lines 157--168

 []


Underfull \hbox (badness 10000) in paragraph at lines 157--168

 []


Underfull \hbox (badness 10000) in paragraph at lines 157--168

 []


Underfull \hbox (badness 10000) in paragraph at lines 157--168

 []


Underfull \hbox (badness 10000) in paragraph at lines 157--168

 []

[8]
Missing character: There is no â in font pplr7t!
Missing character: There is no € in font pplr7t!
Missing character: There is no ™ in font pplr7t!
Missing character: There is no â in font pplr7t!
Missing character: There is no € in font pplr7t!
Missing character: There is no ™ in font pplr7t!

Underfull \hbox (badness 10000) in paragraph at lines 169--183

 []


Underfull \hbox (badness 10000) in paragraph at lines 169--183

 []


Underfull \hbox (badness 10000) in paragraph at lines 169--183

 []


Underfull \hbox (badness 10000) in paragraph at lines 169--183

 []


Underfull \hbox (badness 10000) in paragraph at lines 169--183

 []


Underfull \hbox (badness 10000) in paragraph at lines 169--183

 []


Underfull \hbox (badness 10000) in paragraph at lines 186--193

 []


Underfull \hbox (badness 10000) in paragraph at lines 186--193

 []


Underfull \hbox (badness 10000) in paragraph at lines 186--193

 []


Underfull \hbox (badness 10000) in paragraph at lines 186--193

 []

[9]
Underfull \hbox (badness 10000) in paragraph at lines 195--198

 []

[10]
Chapter 5.

Underfull \hbox (badness 10000) in paragraph at lines 214--222

 []


Underfull \hbox (badness 10000) in paragraph at lines 214--222

 []


Underfull \hbox (badness 10000) in paragraph at lines 214--222

 []


Underfull \hbox (badness 10000) in paragraph at lines 214--222

 []


Underfull \hbox (badness 10000) in paragraph at lines 214--222

 []

[11

] [12]
Chapter 6.

Underfull \hbox (badness 10000) in paragraph at lines 233--239

 []


Underfull \hbox (badness 10000) in paragraph at lines 233--239

 []


Underfull \hbox (badness 10000) in paragraph at lines 233--239

 []


Underfull \hbox (badness 10000) in paragraph at lines 233--239

 []


Underfull \hbox (badness 10000) in paragraph at lines 240--245

 []


Underfull \hbox (badness 10000) in paragraph at lines 248--265

 []


Underfull \hbox (badness 10000) in paragraph at lines 248--265

 []


Underfull \hbox (badness 10000) in paragraph at lines 248--265

 []


Underfull \hbox (badness 10000) in paragraph at lines 248--265

 []

[13

] [14]
Chapter 7.

Underfull \hbox (badness 10000) in paragraph at lines 269--298

 []


Underfull \hbox (badness 10000) in paragraph at lines 269--298

 []


Underfull \hbox (badness 10000) in paragraph at lines 269--298

 []


Underfull \hbox (badness 10000) in paragraph at lines 269--298

 []


Underfull \hbox (badness 10000) in paragraph at lines 269--298

 []


Underfull \hbox (badness 10000) in paragraph at lines 269--298

 []


Underfull \hbox (badness 10000) in paragraph at lines 269--298

 []


Underfull \hbox (badness 10000) in paragraph at lines 269--298

 []


Underfull \hbox (badness 10000) in paragraph at lines 269--298

 []

[15

] [16]
Chapter 8.
[17

] [18

]
Chapter 9.
[19] [20

] (./proj_report_outline.bbl) [21

] (./proj_report_outline.aux
(./acknowledge.aux))

LaTeX Warning: There were undefined references.

 ) 
Here is how much of TeX's memory you used:
 646 strings out of 494071
 7948 string characters out of 3160406
 58520 words of memory out of 3000000
 3899 multiletter control sequences out of 15000+200000
 31994 words of font info for 79 fonts, out of 3000000 for 9000
 648 hyphenation exceptions out of 8191
 23i,4n,19p,785b,226s stack positions out of 5000i,500n,10000p,200000b,50000s
{/usr/pkg/share/texmf-dist/fonts/enc/dvips/base/8r.enc}</usr/pkg/share/texmf-
dist/fonts/type1/urw/palatino/uplb8a.pfb></usr/pkg/share/texmf-dist/fonts/type1
/urw/palatino/uplr8a.pfb></usr/pkg/share/texmf-dist/fonts/type1/urw/palatino/up
lri8a.pfb></usr/pkg/share/texmf-dist/fonts/type1/vuw/vuw20.pfb>
Output written on proj_report_outline.pdf (27 pages, 93818 bytes).
PDF statistics:
 108 PDF objects out of 1000 (max. 8388607)
 74 compressed objects within 1 object stream
 0 named destinations out of 1000 (max. 500000)
 1 words of extra memory for PDF output out of 10000 (max. 10000000)

