This is pdfTeX, Version 3.1415926-2.4-1.40.13 (Web2C 2012) (format=pdflatex 2013.2.21)  9 OCT 2013 17:28
entering extended mode
 restricted \write18 enabled.
 %&-line parsing enabled.
**proj_report_outline.tex
(./proj_report_outline.tex
LaTeX2e <2011/06/27>
Babel <v3.8l> and hyphenation patterns for english, dumylang, nohyphenation, uk
rainian, turkish, swedish, spanish, slovenian, slovak, serbian, russian, romani
an, portuguese, polish, bokmal, nynorsk, latin, italian, irish, indonesian, ice
landic, hungarian, monogreek, greek, german, ngerman, french, finnish, estonian
, esperanto, dutch, danish, czech, croatian, catalan, bulgarian, basque, loaded
.
(/usr/pkg/share/texmf-dist/tex/latex/base/report.cls
Document Class: report 2007/10/19 v1.4h Standard LaTeX document class
(/usr/pkg/share/texmf-dist/tex/latex/base/size11.clo
File: size11.clo 2007/10/19 v1.4h Standard LaTeX file (size option)
)
\c@part=\count79
\c@chapter=\count80
\c@section=\count81
\c@subsection=\count82
\c@subsubsection=\count83
\c@paragraph=\count84
\c@subparagraph=\count85
\c@figure=\count86
\c@table=\count87
\abovecaptionskip=\skip41
\belowcaptionskip=\skip42
\bibindent=\dimen102
)
(/usr/pkg/share/texmf-dist/tex/latex/float/float.sty
Package: float 2001/11/08 v1.3d Float enhancements (AL)
\c@float@type=\count88
\float@exts=\toks14
\float@box=\box26
\@float@everytoks=\toks15
\@floatcapt=\box27
)
(/usr/pkg/share/texmf-dist/tex/latex/url/url.sty
\Urlmuskip=\muskip10
Package: url 2006/04/12  ver 3.3  Verb mode for urls, etc.
)
\@float@every@fig=\toks16
\c@fig=\count89

(/vol/tex-local/tex/latex/local/vuwproject.sty
(/usr/pkg/share/texmf-dist/tex/latex/psnfss/mathpazo.sty
Package: mathpazo 2005/04/12 PSNFSS-v9.2a Palatino w/ Pazo Math (D.Puga, WaS) 
\symupright=\mathgroup4
)
VUW Honours reports modifications -- Mar 1995
Modified to handle different degrees 2003
Modified to handle duplex printing properly 2006
\@abstract=\box28
) (/usr/pkg/share/texmf-dist/tex/latex/graphics/graphicx.sty
Package: graphicx 1999/02/16 v1.0f Enhanced LaTeX Graphics (DPC,SPQR)

(/usr/pkg/share/texmf-dist/tex/latex/graphics/keyval.sty
Package: keyval 1999/03/16 v1.13 key=value parser (DPC)
\KV@toks@=\toks17
)
(/usr/pkg/share/texmf-dist/tex/latex/graphics/graphics.sty
Package: graphics 2009/02/05 v1.0o Standard LaTeX Graphics (DPC,SPQR)

(/usr/pkg/share/texmf-dist/tex/latex/graphics/trig.sty
Package: trig 1999/03/16 v1.09 sin cos tan (DPC)
)
(/usr/pkg/share/texmf-dist/tex/latex/latexconfig/graphics.cfg
File: graphics.cfg 2010/04/23 v1.9 graphics configuration of TeX Live
)
Package graphics Info: Driver file: pdftex.def on input line 91.

(/usr/pkg/share/texmf-dist/tex/latex/pdftex-def/pdftex.def
File: pdftex.def 2011/05/27 v0.06d Graphics/color for pdfTeX

(/usr/pkg/share/texmf-dist/tex/generic/oberdiek/infwarerr.sty
Package: infwarerr 2010/04/08 v1.3 Providing info/warning/error messages (HO)
)
(/usr/pkg/share/texmf-dist/tex/generic/oberdiek/ltxcmds.sty
Package: ltxcmds 2011/11/09 v1.22 LaTeX kernel commands for general use (HO)
)
\Gread@gobject=\count90
))
\Gin@req@height=\dimen103
\Gin@req@width=\dimen104
)
(/usr/pkg/share/texmf-dist/tex/latex/pdfpages/pdfpages.sty
Package: pdfpages 2011/03/10 v0.4n Insert pages of external PDF documents (AM)

(/usr/pkg/share/texmf-dist/tex/latex/base/ifthen.sty
Package: ifthen 2001/05/26 v1.1c Standard LaTeX ifthen package (DPC)
)
(/usr/pkg/share/texmf-dist/tex/latex/tools/calc.sty
Package: calc 2007/08/22 v4.3 Infix arithmetic (KKT,FJ)
\calc@Acount=\count91
\calc@Bcount=\count92
\calc@Adimen=\dimen105
\calc@Bdimen=\dimen106
\calc@Askip=\skip43
\calc@Bskip=\skip44
LaTeX Info: Redefining \setlength on input line 76.
LaTeX Info: Redefining \addtolength on input line 77.
\calc@Ccount=\count93
\calc@Cskip=\skip45
)
(/usr/pkg/share/texmf-dist/tex/latex/eso-pic/eso-pic.sty
Package: eso-pic 2010/10/06 v2.0c eso-pic (RN)

(/usr/pkg/share/texmf-dist/tex/generic/oberdiek/atbegshi.sty
Package: atbegshi 2011/10/05 v1.16 At begin shipout hook (HO)

(/usr/pkg/share/texmf-dist/tex/generic/oberdiek/ifpdf.sty
Package: ifpdf 2011/01/30 v2.3 Provides the ifpdf switch (HO)
Package ifpdf Info: pdfTeX in PDF mode is detected.
))
(/usr/pkg/share/texmf-dist/tex/latex/xcolor/xcolor.sty
Package: xcolor 2007/01/21 v2.11 LaTeX color extensions (UK)

(/usr/pkg/share/texmf-dist/tex/latex/latexconfig/color.cfg
File: color.cfg 2007/01/18 v1.5 color configuration of teTeX/TeXLive
)
Package xcolor Info: Driver file: pdftex.def on input line 225.
Package xcolor Info: Model `cmy' substituted by `cmy0' on input line 1337.
Package xcolor Info: Model `hsb' substituted by `rgb' on input line 1341.
Package xcolor Info: Model `RGB' extended on input line 1353.
Package xcolor Info: Model `HTML' substituted by `rgb' on input line 1355.
Package xcolor Info: Model `Hsb' substituted by `hsb' on input line 1356.
Package xcolor Info: Model `tHsb' substituted by `hsb' on input line 1357.
Package xcolor Info: Model `HSB' substituted by `hsb' on input line 1358.
Package xcolor Info: Model `Gray' substituted by `gray' on input line 1359.
Package xcolor Info: Model `wave' substituted by `hsb' on input line 1360.
))
(/usr/pkg/share/texmf-dist/tex/latex/pdfpages/pppdftex.def
File: pppdftex.def 2011/03/10 v0.4n Pdfpages driver for pdfTeX (AM)
)
\AM@pagebox=\box29
\AM@toc@title=\toks18
\c@AM@survey=\count94
\AM@templatesizebox=\box30
)
(./proj_report_outline.aux (./0.acknowledge.aux) (./1.introduction.aux)
(./2.requirements_analysis.aux) (./3.methodology.aux) (./4.technology.aux)
(./5.solution_design.aux) (./6.implementation.aux

LaTeX Warning: Label `C:sd' multiply defined.


LaTeX Warning: Label `fig:sliders' multiply defined.

) (./7.evaluation.aux) (./8.conclusion.aux))
\openout1 = `proj_report_outline.aux'.

LaTeX Font Info:    Checking defaults for OML/cmm/m/it on input line 58.
LaTeX Font Info:    ... okay on input line 58.
LaTeX Font Info:    Checking defaults for T1/cmr/m/n on input line 58.
LaTeX Font Info:    ... okay on input line 58.
LaTeX Font Info:    Checking defaults for OT1/cmr/m/n on input line 58.
LaTeX Font Info:    ... okay on input line 58.
LaTeX Font Info:    Checking defaults for OMS/cmsy/m/n on input line 58.
LaTeX Font Info:    ... okay on input line 58.
LaTeX Font Info:    Checking defaults for OMX/cmex/m/n on input line 58.
LaTeX Font Info:    ... okay on input line 58.
LaTeX Font Info:    Checking defaults for U/cmr/m/n on input line 58.
LaTeX Font Info:    ... okay on input line 58.
LaTeX Font Info:    Try loading font information for OT1+ppl on input line 58.

(/usr/pkg/share/texmf-dist/tex/latex/psnfss/ot1ppl.fd
File: ot1ppl.fd 2001/06/04 font definitions for OT1/ppl.
)
\big@size=\dimen107

(/usr/pkg/share/texmf-dist/tex/context/base/supp-pdf.mkii
[Loading MPS to PDF converter (version 2006.09.02).]
\scratchcounter=\count95
\scratchdimen=\dimen108
\scratchbox=\box31
\nofMPsegments=\count96
\nofMParguments=\count97
\everyMPshowfont=\toks19
\MPscratchCnt=\count98
\MPscratchDim=\dimen109
\MPnumerator=\count99
\makeMPintoPDFobject=\count100
\everyMPtoPDFconversion=\toks20
) (/usr/pkg/share/texmf-dist/tex/generic/oberdiek/pdftexcmds.sty
Package: pdftexcmds 2011/11/29 v0.20 Utility functions of pdfTeX for LuaTeX (HO
)

(/usr/pkg/share/texmf-dist/tex/generic/oberdiek/ifluatex.sty
Package: ifluatex 2010/03/01 v1.3 Provides the ifluatex switch (HO)
Package ifluatex Info: LuaTeX not detected.
)
Package pdftexcmds Info: LuaTeX not detected.
Package pdftexcmds Info: \pdf@primitive is available.
Package pdftexcmds Info: \pdf@ifprimitive is available.
Package pdftexcmds Info: \pdfdraftmode found.
)
(/usr/pkg/share/texmf-dist/tex/latex/oberdiek/epstopdf-base.sty
Package: epstopdf-base 2010/02/09 v2.5 Base part for package epstopdf

(/usr/pkg/share/texmf-dist/tex/latex/oberdiek/grfext.sty
Package: grfext 2010/08/19 v1.1 Manage graphics extensions (HO)

(/usr/pkg/share/texmf-dist/tex/generic/oberdiek/kvdefinekeys.sty
Package: kvdefinekeys 2011/04/07 v1.3 Define keys (HO)
))
(/usr/pkg/share/texmf-dist/tex/latex/oberdiek/kvoptions.sty
Package: kvoptions 2011/06/30 v3.11 Key value format for package options (HO)

(/usr/pkg/share/texmf-dist/tex/generic/oberdiek/kvsetkeys.sty
Package: kvsetkeys 2012/04/25 v1.16 Key value parser (HO)

(/usr/pkg/share/texmf-dist/tex/generic/oberdiek/etexcmds.sty
Package: etexcmds 2011/02/16 v1.5 Avoid name clashes with e-TeX commands (HO)
Package etexcmds Info: Could not find \expanded.
(etexcmds)             That can mean that you are not using pdfTeX 1.50 or
(etexcmds)             that some package has redefined \expanded.
(etexcmds)             In the latter case, load this package earlier.
)))
Package grfext Info: Graphics extension search list:
(grfext)             [.png,.pdf,.jpg,.mps,.jpeg,.jbig2,.jb2,.PNG,.PDF,.JPG,.JPE
G,.JBIG2,.JB2,.eps]
(grfext)             \AppendGraphicsExtensions on input line 452.

(/usr/pkg/share/texmf-dist/tex/latex/latexconfig/epstopdf-sys.cfg
File: epstopdf-sys.cfg 2010/07/13 v1.3 Configuration of (r)epstopdf for TeX Liv
e
))
\AtBeginShipoutBox=\box32
LaTeX Font Info:    Try loading font information for OML+zplm on input line 88.


(/usr/pkg/share/texmf-dist/tex/latex/psnfss/omlzplm.fd
File: omlzplm.fd 2002/09/08 Fontinst v1.914 font definitions for OML/zplm.
)
LaTeX Font Info:    Try loading font information for OMS+zplm on input line 88.


(/usr/pkg/share/texmf-dist/tex/latex/psnfss/omszplm.fd
File: omszplm.fd 2002/09/08 Fontinst v1.914 font definitions for OMS/zplm.
)
LaTeX Font Info:    Try loading font information for OMX+zplm on input line 88.


(/usr/pkg/share/texmf-dist/tex/latex/psnfss/omxzplm.fd
File: omxzplm.fd 2002/09/08 Fontinst v1.914 font definitions for OMX/zplm.
)
LaTeX Font Info:    Try loading font information for OT1+zplm on input line 88.


(/usr/pkg/share/texmf-dist/tex/latex/psnfss/ot1zplm.fd
File: ot1zplm.fd 2002/09/08 Fontinst v1.914 font definitions for OT1/zplm.
)
LaTeX Font Info:    Font shape `OT1/ppl/bx/n' in size <17.28> not available
(Font)              Font shape `OT1/ppl/b/n' tried instead on input line 88.
LaTeX Font Info:    Font shape `OT1/ppl/bx/n' in size <10.95> not available
(Font)              Font shape `OT1/ppl/b/n' tried instead on input line 88.
 [-1

{/var/lib/texmf/fonts/map/pdftex/updmap/pdftex.map}] [0]
\openout2 = `0.acknowledge.aux'.

 (./0.acknowledge.tex
LaTeX Font Info:    Font shape `OT1/ppl/bx/n' in size <24.88> not available
(Font)              Font shape `OT1/ppl/b/n' tried instead on input line 1.
) [1



] [2


]
(./proj_report_outline.toc [3])
\tf@toc=\write3
\openout3 = `proj_report_outline.toc'.

 [4] (./proj_report_outline.lof [5

])
\tf@lof=\write4
\openout4 = `proj_report_outline.lof'.

 [6]
\openout2 = `1.introduction.aux'.


(./1.introduction.tex
Chapter 1.
LaTeX Font Info:    Font shape `OT1/ppl/bx/n' in size <20.74> not available
(Font)              Font shape `OT1/ppl/b/n' tried instead on input line 1.
LaTeX Font Info:    Font shape `OT1/ppl/bx/n' in size <14.4> not available
(Font)              Font shape `OT1/ppl/b/n' tried instead on input line 15.
LaTeX Font Info:    Font shape `OT1/ppl/bx/n' in size <12> not available
(Font)              Font shape `OT1/ppl/b/n' tried instead on input line 34.
<images/data.png, id=32, 964.60374pt x 404.51125pt>
File: images/data.png Graphic file (type png)
 <use images/data.png>
Package pdftex.def Info: images/data.png used on input line 57.
(pdftex.def)             Requested size: 352.8155pt x 147.9509pt.

[1



]
Underfull \hbox (badness 10000) in paragraph at lines 62--73

 []


LaTeX Warning: Citation `exo' on page 2 undefined on input line 102.

[2 <./images/data.png>]) [3]
\openout2 = `2.requirements_analysis.aux'.

 (./2.requirements_analysis.tex [4



]
Chapter 2.

Underfull \hbox (badness 10000) in paragraph at lines 19--29

 []

LaTeX Font Info:    Try loading font information for OMS+ppl on input line 30.
(/usr/pkg/share/texmf-dist/tex/latex/psnfss/omsppl.fd
File: omsppl.fd 
)
LaTeX Font Info:    Font shape `OMS/ppl/m/n' in size <10.95> not available
(Font)              Font shape `OMS/cmsy/m/n' tried instead on input line 30.
 [5]
Overfull \hbox (2.21686pt too wide) in paragraph at lines 56--61
[]\OT1/ppl/m/n/10.95 John is used to play-ing com-puter games and us-ing vi-su-
al-i-sa-tions and is not over-whelmed
 []

[6]
Underfull \hbox (badness 10000) in paragraph at lines 154--164

 []

[7] [8] <images/issues_to_req_matrix.png, id=61, 782.925pt x 488.82625pt>
File: images/issues_to_req_matrix.png Graphic file (type png)

<use images/issues_to_req_matrix.png>
Package pdftex.def Info: images/issues_to_req_matrix.png used on input line 243
.
(pdftex.def)             Requested size: 441.01772pt x 275.35194pt.
)
Underfull \vbox (badness 10000) has occurred while \output is active []

 [9]
[10 <./images/issues_to_req_matrix.png>]
\openout2 = `3.methodology.aux'.

 (./3.methodology.tex
Chapter 3.
<images/spiral_model.png, id=69, 704.6325pt x 702.625pt>
File: images/spiral_model.png Graphic file (type png)

<use images/spiral_model.png>
Package pdftex.def Info: images/spiral_model.png used on input line 38.
(pdftex.def)             Requested size: 264.61331pt x 263.85896pt.

Underfull \vbox (badness 10000) has occurred while \output is active []

 [11



]
[12 <./images/spiral_model.png>]
Underfull \hbox (badness 10000) in paragraph at lines 94--99

 []


Underfull \hbox (badness 10000) in paragraph at lines 109--116

 []

) [13]
\openout2 = `4.technology.aux'.

 (./4.technology.tex [14



]
Chapter 4.
<images/worlds.jpg, id=84, 238.25275pt x 134.21571pt>
File: images/worlds.jpg Graphic file (type jpg)
 <use images/worlds.jpg>
Package pdftex.def Info: images/worlds.jpg used on input line 16.
(pdftex.def)             Requested size: 352.8155pt x 198.75287pt.

Underfull \hbox (badness 10000) in paragraph at lines 19--48

 []


Underfull \hbox (badness 10000) in paragraph at lines 19--48

 []


Underfull \hbox (badness 10000) in paragraph at lines 19--48

 []


Underfull \hbox (badness 10000) in paragraph at lines 19--48

 []

[15 <./images/worlds.jpg>]
<images/orrery.jpg, id=88, 238.25275pt x 135.40698pt>
File: images/orrery.jpg Graphic file (type jpg)
 <use images/orrery.jpg>
Package pdftex.def Info: images/orrery.jpg used on input line 60.
(pdftex.def)             Requested size: 352.8155pt x 200.51695pt.

Underfull \hbox (badness 10000) in paragraph at lines 63--85

 []


Underfull \hbox (badness 10000) in paragraph at lines 63--85

 []


Underfull \hbox (badness 10000) in paragraph at lines 63--85

 []

[16 <./images/orrery.jpg>] <images/celestia.jpg, id=92, 803.0pt x 602.25pt>
File: images/celestia.jpg Graphic file (type jpg)

<use images/celestia.jpg>
Package pdftex.def Info: images/celestia.jpg used on input line 92.
(pdftex.def)             Requested size: 220.50885pt x 165.37573pt.

Underfull \hbox (badness 10000) in paragraph at lines 95--120

 []


Underfull \hbox (badness 10000) in paragraph at lines 95--120

 []


Underfull \hbox (badness 10000) in paragraph at lines 95--120

 []


Underfull \hbox (badness 10000) in paragraph at lines 95--120

 []


Underfull \hbox (badness 10000) in paragraph at lines 95--120

 []


Underfull \hbox (badness 10000) in paragraph at lines 95--120

 []


Underfull \hbox (badness 10000) in paragraph at lines 95--120

 []


Underfull \hbox (badness 10000) in paragraph at lines 95--120

 []


Underfull \hbox (badness 10000) in paragraph at lines 95--120

 []

[17 <./images/celestia.jpg>]
Missing character: There is no â in font pplr7t!
Missing character: There is no € in font pplr7t!
Missing character: There is no ™ in font pplr7t!
 <images/kepler.jpg, id=97, 1204.5pt x 339.2675pt>
File: images/kepler.jpg Graphic file (type jpg)

<use images/kepler.jpg>
Package pdftex.def Info: images/kepler.jpg used on input line 130.
(pdftex.def)             Requested size: 441.01772pt x 124.22244pt.

Underfull \hbox (badness 10000) in paragraph at lines 138--158

 []


Underfull \hbox (badness 10000) in paragraph at lines 138--158

 []

[18 <./images/kepler.jpg>]
<images/existing.png, id=101, 647.218pt x 207.77625pt>
File: images/existing.png Graphic file (type png)

<use images/existing.png>
Package pdftex.def Info: images/existing.png used on input line 162.
(pdftex.def)             Requested size: 441.01772pt x 141.58398pt.
 [19 <./images/existing.png>] [20]
<images/table_technologies.jpg, id=108, 1264.725pt x 760.8425pt>
File: images/table_technologies.jpg Graphic file (type jpg)

<use images/table_technologies.jpg>
Package pdftex.def Info: images/table_technologies.jpg used on input line 249.
(pdftex.def)             Requested size: 352.8155pt x 212.245pt.
) [21

 <./images/table_technologies.jpg>]
\openout2 = `5.solution_design.aux'.


(./5.solution_design.tex [22



]
Chapter 5.

Overfull \hbox (1.83826pt too wide) in paragraph at lines 19--35
\OT1/ppl/m/n/10.95 http://www.ibm.com/developerworks/rational/library/content/R
ationalEdge/sep04/be
 []

<images/sequence.png, id=115, 699.61375pt x 593.21625pt>
File: images/sequence.png Graphic file (type png)

<use images/sequence.png>
Package pdftex.def Info: images/sequence.png used on input line 47.
(pdftex.def)             Requested size: 352.8155pt x 299.15999pt.
 [23]
<images/classDiagram.png, id=120, 719.68875pt x 687.56876pt>
File: images/classDiagram.png Graphic file (type png)

<use images/classDiagram.png>
Package pdftex.def Info: images/classDiagram.png used on input line 62.
(pdftex.def)             Requested size: 352.8155pt x 337.0795pt.

Underfull \vbox (badness 10000) has occurred while \output is active []

 [24 <./images/sequence.png>] <images/textAreaMockup.png, id=125, 529.98pt x 39
3.47pt>
File: images/textAreaMockup.png Graphic file (type png)

<use images/textAreaMockup.png>
Package pdftex.def Info: images/textAreaMockup.png used on input line 104.
(pdftex.def)             Requested size: 352.8155pt x 261.94244pt.
 [25 <./images/classDiagram.png>]
<images/mockSelected.png, id=130, 747.79375pt x 214.8025pt>
File: images/mockSelected.png Graphic file (type png)

<use images/mockSelected.png>
Package pdftex.def Info: images/mockSelected.png used on input line 130.
(pdftex.def)             Requested size: 352.8155pt x 101.34393pt.

<images/selectedSisterPlanets.png, id=131, 803.0pt x 303.1325pt>
File: images/selectedSisterPlanets.png Graphic file (type png)

<use images/selectedSisterPlanets.png>
Package pdftex.def Info: images/selectedSisterPlanets.png used on input line 14
1.
(pdftex.def)             Requested size: 352.8155pt x 133.18907pt.
 [26 <./images/textAreaMockup.png> <./images/mockSelected.png>]
<images/mockComparePlanets.png, id=137, 960.58875pt x 356.33125pt>
File: images/mockComparePlanets.png Graphic file (type png)

<use images/mockComparePlanets.png>
Package pdftex.def Info: images/mockComparePlanets.png used on input line 151.
(pdftex.def)             Requested size: 308.71104pt x 114.51767pt.

<images/mockupESI.png, id=138, 1000.73875pt x 390.45876pt>
File: images/mockupESI.png Graphic file (type png)

<use images/mockupESI.png>
Package pdftex.def Info: images/mockupESI.png used on input line 167.
(pdftex.def)             Requested size: 441.01772pt x 172.07048pt.

Underfull \vbox (badness 10000) has occurred while \output is active []

 [27 <./images/selectedSisterPlanets.png> <./images/mockComparePlanets.png>]
<images/mockSlider.png, id=144, 882.29625pt x 586.19pt>
File: images/mockSlider.png Graphic file (type png)

<use images/mockSlider.png>
Package pdftex.def Info: images/mockSlider.png used on input line 184.
(pdftex.def)             Requested size: 352.8155pt x 234.40923pt.

<images/mockButtons.png, id=145, 478.78876pt x 170.6375pt>
File: images/mockButtons.png Graphic file (type png)

<use images/mockButtons.png>
Package pdftex.def Info: images/mockButtons.png used on input line 195.
(pdftex.def)             Requested size: 220.50885pt x 78.58792pt.
 [28 <./images/mockupESI.png> <./images/mockSlider.png>] <images/mockStarHabita
bility.png, id=151, 696.6025pt x 622.325pt>
File: images/mockStarHabitability.png Graphic file (type png)

<use images/mockStarHabitability.png>
Package pdftex.def Info: images/mockStarHabitability.png used on input line 213
.
(pdftex.def)             Requested size: 220.50885pt x 196.9925pt.

<images/allTogether.png, id=152, 1344.02126pt x 278.03876pt>
File: images/allTogether.png Graphic file (type png)

<use images/allTogether.png>
Package pdftex.def Info: images/allTogether.png used on input line 245.
(pdftex.def)             Requested size: 441.01772pt x 91.23123pt.
 [29 <./images/mockButtons.png> <./images/mockStarHabitability.png>] <images/mo
ckKinect.png, id=159, 550.055pt x 345.29pt>
File: images/mockKinect.png Graphic file (type png)

<use images/mockKinect.png>
Package pdftex.def Info: images/mockKinect.png used on input line 277.
(pdftex.def)             Requested size: 308.71104pt x 193.7931pt.
 [30 <./images/allTogether.png> <./images/mockKinect.png>] <images/curserImages
.png, id=165, 1359.0775pt x 312.16624pt>
File: images/curserImages.png Graphic file (type png)

<use images/curserImages.png>
Package pdftex.def Info: images/curserImages.png used on input line 307.
(pdftex.def)             Requested size: 396.91324pt x 91.16417pt.
) [31 <./images/curserImages.png>]
\openout2 = `6.implementation.aux'.


(./6.implementation.tex [32



]
Chapter 6.
[33]
Overfull \hbox (44.26888pt too wide) in paragraph at lines 36--38
[]\OT1/ppl/m/n/10.95 NITE http://www.primesense.com/news/our-blog/the-dld-exper
ience/attachment/photo4/ 
 []

<images/habitable.png, id=176, 960.58875pt x 402.50375pt>
File: images/habitable.png Graphic file (type png)

<use images/habitable.png>
Package pdftex.def Info: images/habitable.png used on input line 74.
(pdftex.def)             Requested size: 441.01772pt x 184.79774pt.
 [34 <./images/habitable.png>]
<images/zoomFilter.png, id=181, 647.41875pt x 336.25626pt>
File: images/zoomFilter.png Graphic file (type png)

<use images/zoomFilter.png>
Package pdftex.def Info: images/zoomFilter.png used on input line 95.
(pdftex.def)             Requested size: 352.8155pt x 183.24832pt.
 <images/nav.png, id=182, 244.112pt x 861.49126pt>
File: images/nav.png Graphic file (type png)

<use images/nav.png>
Package pdftex.def Info: images/nav.png used on input line 118.
(pdftex.def)             Requested size: 132.30666pt x 466.92038pt.

Underfull \vbox (badness 10000) has occurred while \output is active []

 [35 <./images/zoomFilter.png>] <images/buttons.jpg, id=188, 230.8625pt x 206.7
725pt>
File: images/buttons.jpg Graphic file (type jpg)

<use images/buttons.jpg>
Package pdftex.def Info: images/buttons.jpg used on input line 125.
(pdftex.def)             Requested size: 264.61331pt x 237.01984pt.

Underfull \vbox (badness 10000) has occurred while \output is active []

 [36 <./images/nav.png>] <images/sliders.jpg, id=192, 290.08376pt x 202.7575pt>
File: images/sliders.jpg Graphic file (type jpg)

<use images/sliders.jpg>
Package pdftex.def Info: images/sliders.jpg used on input line 132.
(pdftex.def)             Requested size: 264.61331pt x 184.9675pt.

<images/textBoxes.jpg, id=193, 616.3025pt x 1006.76125pt>
File: images/textBoxes.jpg Graphic file (type jpg)

<use images/textBoxes.jpg>
Package pdftex.def Info: images/textBoxes.jpg used on input line 139.
(pdftex.def)             Requested size: 396.91324pt x 648.3959pt.

Underfull \vbox (badness 10000) has occurred while \output is active []

 [37 <./images/buttons.jpg> <./images/sliders.jpg>]
Underfull \vbox (badness 10000) has occurred while \output is active []

 [38 <./images/textBoxes.jpg>]
<images/layout_horizontal.jpg, id=200, 1686.3pt x 1017.8025pt>
File: images/layout_horizontal.jpg Graphic file (type jpg)

<use images/layout_horizontal.jpg>
Package pdftex.def Info: images/layout_horizontal.jpg used on input line 169.
(pdftex.def)             Requested size: 352.8155pt x 212.93726pt.

<images/layout_vertical.jpg, id=201, 1684.2925pt x 1020.81375pt>
File: images/layout_vertical.jpg Graphic file (type jpg)

<use images/layout_vertical.jpg>
Package pdftex.def Info: images/layout_vertical.jpg used on input line 171.
(pdftex.def)             Requested size: 352.8155pt x 213.83205pt.

Underfull \vbox (badness 10000) has occurred while \output is active []

 [39])
Underfull \hbox (badness 10000) in paragraph at lines 177--109

 []


Underfull \hbox (badness 10000) in paragraph at lines 177--109

 []


Underfull \hbox (badness 10000) in paragraph at lines 177--109

 []

[40 <./images/layout_horizontal.jpg> <./images/layout_vertical.jpg>] [41]
\openout2 = `7.evaluation.aux'.


(./7.evaluation.tex [42



]
Chapter 7.
[43] <images/environment.png, id=219, 615.29875pt x 478.78876pt>
File: images/environment.png Graphic file (type png)

<use images/environment.png>
Package pdftex.def Info: images/environment.png used on input line 62.
(pdftex.def)             Requested size: 352.8155pt x 274.5416pt.

Underfull \hbox (badness 10000) in paragraph at lines 69--83

 []

[44 <./images/environment.png>] [45]
<images/pilot.jpg, id=227, 1258.7025pt x 568.1225pt>
File: images/pilot.jpg Graphic file (type jpg)
 <use images/pilot.jpg>
Package pdftex.def Info: images/pilot.jpg used on input line 152.
(pdftex.def)             Requested size: 441.01772pt x 199.0539pt.

<images/timeTaken.png, id=228, 451.6875pt x 321.2pt>
File: images/timeTaken.png Graphic file (type png)

<use images/timeTaken.png>
Package pdftex.def Info: images/timeTaken.png used on input line 177.
(pdftex.def)             Requested size: 352.8155pt x 250.90747pt.

Underfull \vbox (badness 10000) has occurred while \output is active []

 [46 <./images/pilot.jpg>] [47 <./images/timeTaken.png (PNG copy)>]
Underfull \hbox (badness 10000) in paragraph at lines 263--270

 []

[48] [49] [50] <images/charts/chart_1.png, id=245, 602.25pt x 372.39125pt>
File: images/charts/chart_1.png Graphic file (type png)

<use images/charts/chart_1.png>
Package pdftex.def Info: images/charts/chart_1.png used on input line 505.
(pdftex.def)             Requested size: 352.8155pt x 218.16336pt.

<images/charts/chart_2.png, id=246, 602.25pt x 372.39125pt>
File: images/charts/chart_2.png Graphic file (type png)

<use images/charts/chart_2.png>
Package pdftex.def Info: images/charts/chart_2.png used on input line 508.
(pdftex.def)             Requested size: 352.8155pt x 218.16336pt.

<images/charts/chart_3.png, id=247, 602.25pt x 372.39125pt>
File: images/charts/chart_3.png Graphic file (type png)

<use images/charts/chart_3.png>
Package pdftex.def Info: images/charts/chart_3.png used on input line 511.
(pdftex.def)             Requested size: 352.8155pt x 218.16336pt.
 [51]
Overfull \vbox (53.68745pt too high) has occurred while \output is active []


[52 <./images/charts/chart_1.png (PNG copy)> <./images/charts/chart_2.png (PNG 
copy)> <./images/charts/chart_3.png (PNG copy)>]
<images/charts/chart_4.png, id=254, 602.25pt x 372.39125pt>
File: images/charts/chart_4.png Graphic file (type png)

<use images/charts/chart_4.png>
Package pdftex.def Info: images/charts/chart_4.png used on input line 518.
(pdftex.def)             Requested size: 352.8155pt x 218.16336pt.

<images/charts/chart_5.png, id=255, 696.6025pt x 314.17375pt>
File: images/charts/chart_5.png Graphic file (type png)

<use images/charts/chart_5.png>
Package pdftex.def Info: images/charts/chart_5.png used on input line 521.
(pdftex.def)             Requested size: 352.8155pt x 159.12389pt.

<images/charts/chart_7.png, id=256, 602.25pt x 372.39125pt>
File: images/charts/chart_7.png Graphic file (type png)

<use images/charts/chart_7.png>
Package pdftex.def Info: images/charts/chart_7.png used on input line 528.
(pdftex.def)             Requested size: 352.8155pt x 218.16336pt.

<images/charts/chart_8.png, id=257, 602.25pt x 372.39125pt>
File: images/charts/chart_8.png Graphic file (type png)

<use images/charts/chart_8.png>
Package pdftex.def Info: images/charts/chart_8.png used on input line 532.
(pdftex.def)             Requested size: 352.8155pt x 218.16336pt.

<images/charts/chart_9.png, id=258, 602.25pt x 372.39125pt>
File: images/charts/chart_9.png Graphic file (type png)

<use images/charts/chart_9.png>
Package pdftex.def Info: images/charts/chart_9.png used on input line 535.
(pdftex.def)             Requested size: 352.8155pt x 218.16336pt.

Underfull \vbox (badness 10000) has occurred while \output is active []

 [53 <./images/charts/chart_4.png (PNG copy)> <./images/charts/chart_5.png (PNG
 copy)>]
Overfull \vbox (53.68745pt too high) has occurred while \output is active []


[54 <./images/charts/chart_7.png (PNG copy)> <./images/charts/chart_8.png (PNG 
copy)> <./images/charts/chart_9.png (PNG copy)>]) [55]
\openout2 = `8.conclusion.aux'.

 (./8.conclusion.tex
[56



]
Chapter 8.
) [57] [58


] (./proj_report_outline.bbl
Underfull \hbox (badness 2012) in paragraph at lines 23--26
[]\OT1/ppl/m/sc/10.95 blprnt\OT1/ppl/m/n/10.95 .  Github:kepler vi-su-al-i-sa-t
ion tool.  https://github.com/blprnt/Kepler-
 []


Overfull \hbox (82.70418pt too wide) in paragraph at lines 33--36
[]\OT1/ppl/m/sc/10.95 Fabrycky, D.  \OT1/ppl/m/n/10.95 The ke-pler or-rery, 201
2.  http://kepler.nasa.gov/multimedia/animations/?ImageID=219. 
 []


Underfull \hbox (badness 10000) in paragraph at lines 53--57
[]\OT1/ppl/m/sc/10.95 Parker, A.  \OT1/ppl/m/n/10.95 Worlds: The ke-pler planet
 can-di-dates, 2012.
 []

) [59

] (./proj_report_outline.aux (./0.acknowledge.aux) (./1.introduction.aux)
(./2.requirements_analysis.aux) (./3.methodology.aux) (./4.technology.aux)
(./5.solution_design.aux) (./6.implementation.aux) (./7.evaluation.aux)
(./8.conclusion.aux))

LaTeX Warning: There were undefined references.


LaTeX Warning: There were multiply-defined labels.

 ) 
Here is how much of TeX's memory you used:
 3459 strings out of 494071
 51024 string characters out of 3160406
 113343 words of memory out of 3000000
 6523 multiletter control sequences out of 15000+200000
 28712 words of font info for 71 fonts, out of 3000000 for 9000
 648 hyphenation exceptions out of 8191
 38i,7n,39p,536b,300s stack positions out of 5000i,500n,10000p,200000b,50000s
{/usr/pkg/share/texmf-dist/fonts/enc/dvips/base/8r.enc}</usr/pkg/share/texmf-
dist/fonts/type1/public/amsfonts/cm/cmsy10.pfb></usr/pkg/share/texmf-dist/fonts
/type1/urw/palatino/uplb8a.pfb></usr/pkg/share/texmf-dist/fonts/type1/urw/palat
ino/uplr8a.pfb></usr/pkg/share/texmf-dist/fonts/type1/urw/palatino/uplri8a.pfb>
</usr/pkg/share/texmf-dist/fonts/type1/vuw/vuw20.pfb>
Output written on proj_report_outline.pdf (67 pages, 2159246 bytes).
PDF statistics:
 303 PDF objects out of 1000 (max. 8388607)
 167 compressed objects within 2 object streams
 0 named destinations out of 1000 (max. 500000)
 206 words of extra memory for PDF output out of 10000 (max. 10000000)

